<?xml version="1.0" encoding="UTF-8"?>
<!-- Generated by org.testng.reporters.JUnitXMLReporter -->
<testsuite ignored="2" hostname="Testing-Sys337" failures="0" tests="1" name="Default test" time="31.098" errors="0" timestamp="2025-01-22T12:23:55 IST">
  <testcase classname="AllProductstest.CrazyTest" name="discountcoupon" time="28.798"/>
  <testcase classname="AllProductstest.CrazyTest" name="mousehover" time="0.0">
    <ignored/>
  </testcase> <!-- mousehover -->
  <testcase classname="AllProductstest.CrazyTest" name="login" time="0.0">
    <ignored/>
  </testcase> <!-- login -->
</testsuite> <!-- Default test -->
