<?xml version="1.0" encoding="UTF-8"?>
<!-- Generated by org.testng.reporters.JUnitXMLReporter -->
<testsuite ignored="1" hostname="Testing-Sys337" failures="0" tests="1" name="Default test" time="13.673" errors="0" timestamp="2025-01-22T16:13:43 IST">
  <testcase classname="AllProductstest.CrazyTest" name="store" time="11.551"/>
  <testcase classname="AllProductstest.CrazyTest" name="discountcoupon" time="0.0">
    <ignored/>
  </testcase> <!-- discountcoupon -->
</testsuite> <!-- Default test -->
