<?xml version="1.0" encoding="UTF-8"?>
<!-- Generated by org.testng.reporters.JUnitXMLReporter -->
<testsuite ignored="0" hostname="Testing-Sys41" failures="0" tests="5" name="Scenario1Test" time="96.548" errors="0" timestamp="2024-12-17T15:28:18 IST">
  <testcase classname="Testcases.Scenario1EAccessoriesTest" name="Scenario1EAccessories" time="16.462"/>
  <testcase classname="Testcases.Scenario1menAccessoriesTest" name="Scenario1MenAccessories" time="15.73"/>
  <testcase classname="Testcases.Scenario1menTest" name="Scenario1menTest" time="15.277"/>
  <testcase classname="Testcases.Scenario1WomenAccessoriesTest" name="Scenario1womenAccessories" time="15.708"/>
  <testcase classname="Testcases.Scenario1womensTest" name="Scenario1womens" time="16.631"/>
</testsuite> <!-- Scenario1Test -->
