<?xml version="1.0" encoding="UTF-8"?>
<!-- Generated by org.testng.reporters.JUnitXMLReporter -->
<testsuite ignored="0" hostname="Testing-Sys41" failures="0" tests="5" name="Scenario1Test" time="98.9" errors="0" timestamp="2024-12-13T17:33:51 IST">
  <testcase classname="Testcases.Scenario1EAccessoriesTest" name="Scenario1EAccessories" time="16.131"/>
  <testcase classname="Testcases.Scenario1menAccessoriesTest" name="Scenario1MenAccessories" time="16.181"/>
  <testcase classname="Testcases.Scenario1menTest" name="Scenario1menTest" time="15.476"/>
  <testcase classname="Testcases.Scenario1WomenAccessoriesTest" name="Scenario1womenAccessories" time="15.044"/>
  <testcase classname="Testcases.Scenario1womensTest" name="Scenario1womens" time="15.986"/>
</testsuite> <!-- Scenario1Test -->
