<?xml version="1.0" encoding="UTF-8"?>
<testng-results ignored="0" total="1" passed="1" failed="0" skipped="0">
  <reporter-output>
  </reporter-output>
  <suite started-at="2024-12-18T18:17:02 IST" name="Default suite" finished-at="2024-12-18T18:17:48 IST" duration-ms="46226">
    <groups>
    </groups>
    <test started-at="2024-12-18T18:17:02 IST" name="Default test" finished-at="2024-12-18T18:17:48 IST" duration-ms="46226">
      <class name="Testcases.Scenario4FiltersTest">
        <test-method is-config="true" signature="beforeMethod()[pri:0, instance:Testcases.Scenario4FiltersTest@333291e3]" started-at="2024-12-18T18:17:02 IST" name="beforeMethod" finished-at="2024-12-18T18:17:05 IST" duration-ms="3654" status="PASS">
          <reporter-output>
          </reporter-output>
        </test-method> <!-- beforeMethod -->
        <test-method signature="Scenario4Filters()[pri:0, instance:Testcases.Scenario4FiltersTest@333291e3]" started-at="2024-12-18T18:17:05 IST" name="Scenario4Filters" finished-at="2024-12-18T18:17:48 IST" duration-ms="42531" status="PASS">
          <reporter-output>
          </reporter-output>
        </test-method> <!-- Scenario4Filters -->
        <test-method is-config="true" signature="afterMethod()[pri:0, instance:Testcases.Scenario4FiltersTest@333291e3]" started-at="2024-12-18T18:17:48 IST" name="afterMethod" finished-at="2024-12-18T18:17:48 IST" duration-ms="1" status="PASS">
          <reporter-output>
          </reporter-output>
        </test-method> <!-- afterMethod -->
      </class> <!-- Testcases.Scenario4FiltersTest -->
    </test> <!-- Default test -->
  </suite> <!-- Default suite -->
</testng-results>
