<?xml version="1.0" encoding="UTF-8"?>
<testng-results ignored="0" total="5" passed="5" failed="0" skipped="0">
  <reporter-output>
  </reporter-output>
  <suite started-at="2024-12-13T17:32:12 IST" name="Suite" finished-at="2024-12-13T17:33:51 IST" duration-ms="98900">
    <groups>
    </groups>
    <test started-at="2024-12-13T17:32:12 IST" name="Scenario1Test" finished-at="2024-12-13T17:33:51 IST" duration-ms="98900">
      <class name="Testcases.Scenario1WomenAccessoriesTest">
        <test-method is-config="true" signature="beforeMethod()[pri:0, instance:Testcases.Scenario1WomenAccessoriesTest@1aa7ecca]" started-at="2024-12-13T17:33:13 IST" name="beforeMethod" finished-at="2024-12-13T17:33:15 IST" duration-ms="2745" status="PASS">
          <reporter-output>
          </reporter-output>
        </test-method> <!-- beforeMethod -->
        <test-method signature="Scenario1womenAccessories()[pri:0, instance:Testcases.Scenario1WomenAccessoriesTest@1aa7ecca]" started-at="2024-12-13T17:33:15 IST" name="Scenario1womenAccessories" finished-at="2024-12-13T17:33:30 IST" duration-ms="15044" status="PASS">
          <reporter-output>
          </reporter-output>
        </test-method> <!-- Scenario1womenAccessories -->
        <test-method is-config="true" signature="afterMethod()[pri:0, instance:Testcases.Scenario1WomenAccessoriesTest@1aa7ecca]" started-at="2024-12-13T17:33:30 IST" name="afterMethod" finished-at="2024-12-13T17:33:31 IST" duration-ms="184" status="PASS">
          <reporter-output>
          </reporter-output>
        </test-method> <!-- afterMethod -->
      </class> <!-- Testcases.Scenario1WomenAccessoriesTest -->
      <class name="Testcases.Scenario1menTest">
        <test-method is-config="true" signature="beforeMethod()[pri:0, instance:Testcases.Scenario1menTest@12468a38]" started-at="2024-12-13T17:32:52 IST" name="beforeMethod" finished-at="2024-12-13T17:32:57 IST" duration-ms="5107" status="PASS">
          <reporter-output>
          </reporter-output>
        </test-method> <!-- beforeMethod -->
        <test-method signature="Scenario1menTest()[pri:0, instance:Testcases.Scenario1menTest@12468a38]" started-at="2024-12-13T17:32:57 IST" name="Scenario1menTest" finished-at="2024-12-13T17:33:12 IST" duration-ms="15476" status="PASS">
          <reporter-output>
          </reporter-output>
        </test-method> <!-- Scenario1menTest -->
        <test-method is-config="true" signature="afterMethod()[pri:0, instance:Testcases.Scenario1menTest@12468a38]" started-at="2024-12-13T17:33:12 IST" name="afterMethod" finished-at="2024-12-13T17:33:13 IST" duration-ms="157" status="PASS">
          <reporter-output>
          </reporter-output>
        </test-method> <!-- afterMethod -->
      </class> <!-- Testcases.Scenario1menTest -->
      <class name="Testcases.Scenario1womensTest">
        <test-method is-config="true" signature="beforeMethod()[pri:0, instance:Testcases.Scenario1womensTest@59309333]" started-at="2024-12-13T17:33:31 IST" name="beforeMethod" finished-at="2024-12-13T17:33:35 IST" duration-ms="3986" status="PASS">
          <reporter-output>
          </reporter-output>
        </test-method> <!-- beforeMethod -->
        <test-method signature="Scenario1womens()[pri:0, instance:Testcases.Scenario1womensTest@59309333]" started-at="2024-12-13T17:33:35 IST" name="Scenario1womens" finished-at="2024-12-13T17:33:51 IST" duration-ms="15986" status="PASS">
          <reporter-output>
          </reporter-output>
        </test-method> <!-- Scenario1womens -->
        <test-method is-config="true" signature="afterMethod()[pri:0, instance:Testcases.Scenario1womensTest@59309333]" started-at="2024-12-13T17:33:51 IST" name="afterMethod" finished-at="2024-12-13T17:33:51 IST" duration-ms="152" status="PASS">
          <reporter-output>
          </reporter-output>
        </test-method> <!-- afterMethod -->
      </class> <!-- Testcases.Scenario1womensTest -->
      <class name="Testcases.Scenario1menAccessoriesTest">
        <test-method is-config="true" signature="beforeMethod()[pri:0, instance:Testcases.Scenario1menAccessoriesTest@9f116cc]" started-at="2024-12-13T17:32:32 IST" name="beforeMethod" finished-at="2024-12-13T17:32:36 IST" duration-ms="3649" status="PASS">
          <reporter-output>
          </reporter-output>
        </test-method> <!-- beforeMethod -->
        <test-method signature="Scenario1MenAccessories()[pri:0, instance:Testcases.Scenario1menAccessoriesTest@9f116cc]" started-at="2024-12-13T17:32:36 IST" name="Scenario1MenAccessories" finished-at="2024-12-13T17:32:52 IST" duration-ms="16181" status="PASS">
          <reporter-output>
          </reporter-output>
        </test-method> <!-- Scenario1MenAccessories -->
        <test-method is-config="true" signature="afterMethod()[pri:0, instance:Testcases.Scenario1menAccessoriesTest@9f116cc]" started-at="2024-12-13T17:32:52 IST" name="afterMethod" finished-at="2024-12-13T17:32:52 IST" duration-ms="153" status="PASS">
          <reporter-output>
          </reporter-output>
        </test-method> <!-- afterMethod -->
      </class> <!-- Testcases.Scenario1menAccessoriesTest -->
      <class name="Testcases.Scenario1EAccessoriesTest">
        <test-method is-config="true" signature="beforeMethod()[pri:0, instance:Testcases.Scenario1EAccessoriesTest@f5ac9e4]" started-at="2024-12-13T17:32:12 IST" name="beforeMethod" finished-at="2024-12-13T17:32:16 IST" duration-ms="3755" status="PASS">
          <reporter-output>
          </reporter-output>
        </test-method> <!-- beforeMethod -->
        <test-method signature="Scenario1EAccessories()[pri:0, instance:Testcases.Scenario1EAccessoriesTest@f5ac9e4]" started-at="2024-12-13T17:32:16 IST" name="Scenario1EAccessories" finished-at="2024-12-13T17:32:32 IST" duration-ms="16131" status="PASS">
          <reporter-output>
          </reporter-output>
        </test-method> <!-- Scenario1EAccessories -->
        <test-method is-config="true" signature="afterMethod()[pri:0, instance:Testcases.Scenario1EAccessoriesTest@f5ac9e4]" started-at="2024-12-13T17:32:32 IST" name="afterMethod" finished-at="2024-12-13T17:32:32 IST" duration-ms="140" status="PASS">
          <reporter-output>
          </reporter-output>
        </test-method> <!-- afterMethod -->
      </class> <!-- Testcases.Scenario1EAccessoriesTest -->
    </test> <!-- Scenario1Test -->
  </suite> <!-- Suite -->
</testng-results>
