<?xml version="1.0" encoding="UTF-8"?>
<testng-results ignored="2" total="3" passed="1" failed="0" skipped="0">
  <reporter-output>
  </reporter-output>
  <suite started-at="2025-01-22T10:41:31 IST" name="Default suite" finished-at="2025-01-22T10:41:52 IST" duration-ms="20808">
    <groups>
    </groups>
    <test started-at="2025-01-22T10:41:31 IST" name="Default test" finished-at="2025-01-22T10:41:52 IST" duration-ms="20808">
      <class name="AllProductstest.CrazyTest">
        <test-method is-config="true" signature="beforeClass()[pri:0, instance:AllProductstest.CrazyTest@72d1ad2e]" started-at="2025-01-22T10:41:31 IST" name="beforeClass" finished-at="2025-01-22T10:41:33 IST" duration-ms="2247" status="PASS">
          <reporter-output>
          </reporter-output>
        </test-method> <!-- beforeClass -->
        <test-method signature="discountcoupon()[pri:0, instance:AllProductstest.CrazyTest@72d1ad2e]" started-at="2025-01-22T10:41:33 IST" name="discountcoupon" finished-at="2025-01-22T10:41:52 IST" duration-ms="18529" status="PASS">
          <reporter-output>
          </reporter-output>
        </test-method> <!-- discountcoupon -->
        <test-method is-config="true" signature="afterClass()[pri:0, instance:AllProductstest.CrazyTest@72d1ad2e]" started-at="2025-01-22T10:41:52 IST" name="afterClass" finished-at="2025-01-22T10:41:52 IST" duration-ms="1" status="PASS">
          <reporter-output>
          </reporter-output>
        </test-method> <!-- afterClass -->
      </class> <!-- AllProductstest.CrazyTest -->
    </test> <!-- Default test -->
  </suite> <!-- Default suite -->
</testng-results>
