<?xml version="1.0" encoding="UTF-8"?>
<testng-results ignored="1" total="2" passed="1" failed="0" skipped="0">
  <reporter-output>
  </reporter-output>
  <suite started-at="2025-01-22T16:13:29 IST" name="Default suite" finished-at="2025-01-22T16:13:43 IST" duration-ms="13673">
    <groups>
    </groups>
    <test started-at="2025-01-22T16:13:29 IST" name="Default test" finished-at="2025-01-22T16:13:43 IST" duration-ms="13673">
      <class name="AllProductstest.CrazyTest">
        <test-method is-config="true" signature="beforeClass()[pri:0, instance:AllProductstest.CrazyTest@595b007d]" started-at="2025-01-22T16:13:29 IST" name="beforeClass" finished-at="2025-01-22T16:13:31 IST" duration-ms="2090" status="PASS">
          <reporter-output>
          </reporter-output>
        </test-method> <!-- beforeClass -->
        <test-method signature="store()[pri:0, instance:AllProductstest.CrazyTest@595b007d]" started-at="2025-01-22T16:13:31 IST" name="store" finished-at="2025-01-22T16:13:43 IST" duration-ms="11551" status="PASS">
          <reporter-output>
          </reporter-output>
        </test-method> <!-- store -->
        <test-method is-config="true" signature="afterClass()[pri:0, instance:AllProductstest.CrazyTest@595b007d]" started-at="2025-01-22T16:13:43 IST" name="afterClass" finished-at="2025-01-22T16:13:43 IST" duration-ms="1" status="PASS">
          <reporter-output>
          </reporter-output>
        </test-method> <!-- afterClass -->
      </class> <!-- AllProductstest.CrazyTest -->
    </test> <!-- Default test -->
  </suite> <!-- Default suite -->
</testng-results>
